ERROR: (null)
[{"success":true},{"success":false},{"success":true}]
[{"success":true},{"success":true}]
[{"success":true}]
[{"success":true}]
[{"success":true}]
ERROR: (null)
[{"success":true},{"success":false},{"success":true}]
[{"success":true},{"success":true}]
[{"success":true}]
[{"success":true}]
[{"success":true}]
[{"success":true},{"success":true},{"success":true}]
[{"success":true},{"success":true}]
[{"success":true}]
[{"success":true}]
[{"success":true}]
ERROR: (null)
[{"success":true},{"success":false},{"success":true}]
[{"success":true},{"success":true}]
[{"success":true}]
[{"success":true}]
[{"success":true}]
ERROR: (null)
[{"success":true},{"success":false},{"success":true}]
[{"success":true},{"success":true}]
[{"success":true}]
[{"success":true}]
[{"success":true}]
ERROR: (null)
[{"success":true},{"success":false},{"success":true}]
[{"success":true},{"success":true}]
[{"success":true}]
[{"success":true}]
[{"success":true}]
ERROR: (null)
[{"success":true},{"success":false},{"success":true}]
[{"success":true},{"success":true}]
[{"success":true}]
[{"success":true}]
[{"success":true}]
ERROR: (null)
[{"success":true},{"success":false},{"success":true}]
[{"success":true},{"success":true}]
kill: usage: kill [-s sigspec | -n signum | -sigspec] pid | jobspec ... or kill -l [sigspec]
[{"success":true}]
[{"success":true}]
[{"success":true}]
